<?xml version="1.0" encoding="UTF-8"?>
<!-- Generated by org.testng.reporters.JUnitReportReporter -->
<testsuite hostname="DESKTOP-DJM4LND" failures="0" tests="3" name="StepDefinition.TestRunner" time="48.063" errors="0" timestamp="2022-11-13T19:43:36 IST" skipped="0">
  <testcase classname="StepDefinition.TestRunner" name="runScenario" time="16.138"/>
  <system-out/>
  <testcase classname="StepDefinition.TestRunner" name="runScenario" time="20.147"/>
  <system-out/>
  <testcase classname="StepDefinition.TestRunner" name="runScenario" time="11.778"/>
  <system-out/>
</testsuite> <!-- StepDefinition.TestRunner -->
